d:\git\cocos_helloworld\helloworld\proj.win32\debug.win32\vc120.pdb
d:\git\cocos_helloworld\helloworld\proj.win32\debug.win32\appdelegate.obj
d:\git\cocos_helloworld\helloworld\proj.win32\debug.win32\gamescene.obj
d:\git\cocos_helloworld\helloworld\proj.win32\debug.win32\helloworld.lib
d:\git\cocos_helloworld\helloworld\proj.win32\debug.win32\helloworld.exp
d:\git\cocos_helloworld\helloworld\proj.win32\debug.win32\helloworld.ilk
d:\git\cocos_helloworld\helloworld\proj.win32\debug.win32\helloworld.exe
d:\git\cocos_helloworld\helloworld\proj.win32\debug.win32\helloworld.pdb
d:\git\cocos_helloworld\helloworld\proj.win32\debug.win32\game.res
d:\git\cocos_helloworld\helloworld\proj.win32\debug.win32\helloworld.vcxprojresolveassemblyreference.cache
d:\git\cocos_helloworld\helloworld\proj.win32\debug.win32\helloworldscene.obj
d:\git\cocos_helloworld\helloworld\proj.win32\debug.win32\main.obj
d:\git\cocos_helloworld\helloworld\proj.win32\debug.win32\vc120.idb
d:\git\cocos_helloworld\helloworld\proj.win32\debug.win32\helloworld.tlog\cl.command.1.tlog
d:\git\cocos_helloworld\helloworld\proj.win32\debug.win32\helloworld.tlog\cl.read.1.tlog
d:\git\cocos_helloworld\helloworld\proj.win32\debug.win32\helloworld.tlog\cl.write.1.tlog
d:\git\cocos_helloworld\helloworld\proj.win32\debug.win32\helloworld.tlog\helloworld.write.1u.tlog
d:\git\cocos_helloworld\helloworld\proj.win32\debug.win32\helloworld.tlog\link.command.1.tlog
d:\git\cocos_helloworld\helloworld\proj.win32\debug.win32\helloworld.tlog\link.read.1.tlog
d:\git\cocos_helloworld\helloworld\proj.win32\debug.win32\helloworld.tlog\link.write.1.tlog
d:\git\cocos_helloworld\helloworld\proj.win32\debug.win32\helloworld.tlog\rc.command.1.tlog
d:\git\cocos_helloworld\helloworld\proj.win32\debug.win32\helloworld.tlog\rc.read.1.tlog
d:\git\cocos_helloworld\helloworld\proj.win32\debug.win32\helloworld.tlog\rc.write.1.tlog
